1501180974050	geckodriver	INFO	geckodriver 0.18.0
1501180974060	geckodriver	INFO	Listening on 127.0.0.1:60473
1501180974655	geckodriver::marionette	INFO	Starting browser C:\Program Files (x86)\Mozilla Firefox\firefox.exe with args ["-marionette"]
1501180975625	Marionette	INFO	Listening on port 60477
1501180975836	Marionette	WARN	TLS certificate errors will be ignored for this session
[Child 39932] WARNING: pipe error: 109: file c:/builds/moz2_slave/m-esr52-w32-000000000000000000/build/src/ipc/chromium/src/chrome/common/ipc_channel_win.cc, line 345
1501180995300	geckodriver	INFO	geckodriver 0.18.0
1501180995300	geckodriver	INFO	Listening on 127.0.0.1:60511
1501180995833	geckodriver::marionette	INFO	Starting browser C:\Program Files (x86)\Mozilla Firefox\firefox.exe with args ["-marionette"]
1501180996840	Marionette	INFO	Listening on port 60515
1501180996995	Marionette	WARN	TLS certificate errors will be ignored for this session
[Child 54100] WARNING: pipe error: 109: file c:/builds/moz2_slave/m-esr52-w32-000000000000000000/build/src/ipc/chromium/src/chrome/common/ipc_channel_win.cc, line 345
[Child 54100] WARNING: pipe error: 109: file c:/builds/moz2_slave/m-esr52-w32-000000000000000000/build/src/ipc/chromium/src/chrome/common/ipc_channel_win.cc, line 345
1501181594758	geckodriver	INFO	geckodriver 0.18.0
1501181594758	geckodriver	INFO	Listening on 127.0.0.1:60969
1501181595291	geckodriver::marionette	INFO	Starting browser C:\Program Files (x86)\Mozilla Firefox\firefox.exe with args ["-marionette"]
1501181596265	Marionette	INFO	Listening on port 60973
1501181596417	Marionette	WARN	TLS certificate errors will be ignored for this session
[Child 60176] WARNING: pipe error: 109: file c:/builds/moz2_slave/m-esr52-w32-000000000000000000/build/src/ipc/chromium/src/chrome/common/ipc_channel_win.cc, line 345
[Child 60176] WARNING: pipe error: 109: file c:/builds/moz2_slave/m-esr52-w32-000000000000000000/build/src/ipc/chromium/src/chrome/common/ipc_channel_win.cc, line 345
1501181729542	geckodriver	INFO	geckodriver 0.18.0
1501181729542	geckodriver	INFO	Listening on 127.0.0.1:61038
1501181730104	geckodriver::marionette	INFO	Starting browser C:\Program Files (x86)\Mozilla Firefox\firefox.exe with args ["-marionette"]
1501181731050	Marionette	INFO	Listening on port 61042
1501181731205	Marionette	WARN	TLS certificate errors will be ignored for this session
[Child 33872] WARNING: pipe error: 109: file c:/builds/moz2_slave/m-esr52-w32-000000000000000000/build/src/ipc/chromium/src/chrome/common/ipc_channel_win.cc, line 345
[Child 33872] WARNING: pipe error: 109: file c:/builds/moz2_slave/m-esr52-w32-000000000000000000/build/src/ipc/chromium/src/chrome/common/ipc_channel_win.cc, line 345
1501181872495	geckodriver	INFO	geckodriver 0.18.0
1501181872511	geckodriver	INFO	Listening on 127.0.0.1:61164
1501181873060	geckodriver::marionette	INFO	Starting browser C:\Program Files (x86)\Mozilla Firefox\firefox.exe with args ["-marionette"]
1501181874054	Marionette	INFO	Listening on port 61168
1501181874211	Marionette	WARN	TLS certificate errors will be ignored for this session
[Child 32820] WARNING: pipe error: 109: file c:/builds/moz2_slave/m-esr52-w32-000000000000000000/build/src/ipc/chromium/src/chrome/common/ipc_channel_win.cc, line 345
1501181903908	geckodriver	INFO	geckodriver 0.18.0
1501181903924	geckodriver	INFO	Listening on 127.0.0.1:61204
1501181904508	geckodriver::marionette	INFO	Starting browser C:\Program Files (x86)\Mozilla Firefox\firefox.exe with args ["-marionette"]
1501181905452	Marionette	INFO	Listening on port 61208
1501181905606	Marionette	WARN	TLS certificate errors will be ignored for this session
[Child 5288] WARNING: pipe error: 109: file c:/builds/moz2_slave/m-esr52-w32-000000000000000000/build/src/ipc/chromium/src/chrome/common/ipc_channel_win.cc, line 345
[Child 5288] WARNING: pipe error: 109: file c:/builds/moz2_slave/m-esr52-w32-000000000000000000/build/src/ipc/chromium/src/chrome/common/ipc_channel_win.cc, line 345
1501181938245	geckodriver	INFO	geckodriver 0.18.0
1501181938260	geckodriver	INFO	Listening on 127.0.0.1:61244
1501181938825	geckodriver::marionette	INFO	Starting browser C:\Program Files (x86)\Mozilla Firefox\firefox.exe with args ["-marionette"]
1501181939778	Marionette	INFO	Listening on port 61248
1501181939932	Marionette	WARN	TLS certificate errors will be ignored for this session
[Child 54308] WARNING: pipe error: 109: file c:/builds/moz2_slave/m-esr52-w32-000000000000000000/build/src/ipc/chromium/src/chrome/common/ipc_channel_win.cc, line 345
1501182116063	geckodriver	INFO	geckodriver 0.18.0
1501182116063	geckodriver	INFO	Listening on 127.0.0.1:61385
1501182116593	geckodriver::marionette	INFO	Starting browser C:\Program Files (x86)\Mozilla Firefox\firefox.exe with args ["-marionette"]
1501182117509	Marionette	INFO	Listening on port 61389
1501182117663	Marionette	WARN	TLS certificate errors will be ignored for this session
[Child 49020] ###!!! ABORT: Aborting on channel error.: file c:/builds/moz2_slave/m-esr52-w32-000000000000000000/build/src/ipc/glue/MessageChannel.cpp, line 2152
1501182203218	geckodriver	INFO	geckodriver 0.18.0
1501182203234	geckodriver	INFO	Listening on 127.0.0.1:61464
1501182203780	geckodriver::marionette	INFO	Starting browser C:\Program Files (x86)\Mozilla Firefox\firefox.exe with args ["-marionette"]
1501182204773	Marionette	INFO	Listening on port 61468
1501182204930	Marionette	WARN	TLS certificate errors will be ignored for this session
[Child 38028] WARNING: pipe error: 109: file c:/builds/moz2_slave/m-esr52-w32-000000000000000000/build/src/ipc/chromium/src/chrome/common/ipc_channel_win.cc, line 345
[Child 38028] WARNING: pipe error: 109: file c:/builds/moz2_slave/m-esr52-w32-000000000000000000/build/src/ipc/chromium/src/chrome/common/ipc_channel_win.cc, line 345
